25-04-2020 01:02:46.519 [restartedMain] INFO  com.aroha.pet.PetApplication.logStarting - Starting PetApplication on LAPTOP-7VFDP9Q8 with PID 15096 (F:\PetArohaGitHub\ProductivityTesting\pet-app-jpa\target\classes started by jaydeep in F:\PetArohaGitHub\ProductivityTesting\pet-app-jpa)
25-04-2020 01:02:46.535 [restartedMain] INFO  com.aroha.pet.PetApplication.logStartupProfileInfo - No active profile set, falling back to default profiles: default
25-04-2020 01:02:46.765 [restartedMain] INFO  o.s.b.d.e.DevToolsPropertyDefaultsPostProcessor.logTo - Devtools property defaults active! Set 'spring.devtools.add-properties' to 'false' to disable
25-04-2020 01:02:46.766 [restartedMain] INFO  o.s.b.d.e.DevToolsPropertyDefaultsPostProcessor.logTo - For additional web related logging consider setting the 'logging.level.web' property to 'DEBUG'
25-04-2020 01:02:49.956 [restartedMain] INFO  o.s.d.r.c.RepositoryConfigurationDelegate.registerRepositoriesIn - Bootstrapping Spring Data repositories in DEFAULT mode.
25-04-2020 01:02:50.267 [restartedMain] INFO  o.s.d.r.c.RepositoryConfigurationDelegate.registerRepositoriesIn - Finished Spring Data repository scanning in 292ms. Found 17 repository interfaces.
25-04-2020 01:02:51.389 [restartedMain] INFO  o.s.c.s.PostProcessorRegistrationDelegate$BeanPostProcessorChecker.postProcessAfterInitialization - Bean 'org.springframework.transaction.annotation.ProxyTransactionManagementConfiguration' of type [org.springframework.transaction.annotation.ProxyTransactionManagementConfiguration$$EnhancerBySpringCGLIB$$ac10211e] is not eligible for getting processed by all BeanPostProcessors (for example: not eligible for auto-proxying)
25-04-2020 01:02:51.473 [restartedMain] INFO  o.s.c.s.PostProcessorRegistrationDelegate$BeanPostProcessorChecker.postProcessAfterInitialization - Bean 'org.springframework.security.config.annotation.configuration.ObjectPostProcessorConfiguration' of type [org.springframework.security.config.annotation.configuration.ObjectPostProcessorConfiguration$$EnhancerBySpringCGLIB$$44bde958] is not eligible for getting processed by all BeanPostProcessors (for example: not eligible for auto-proxying)
25-04-2020 01:02:51.488 [restartedMain] INFO  o.s.c.s.PostProcessorRegistrationDelegate$BeanPostProcessorChecker.postProcessAfterInitialization - Bean 'objectPostProcessor' of type [org.springframework.security.config.annotation.configuration.AutowireBeanFactoryObjectPostProcessor] is not eligible for getting processed by all BeanPostProcessors (for example: not eligible for auto-proxying)
25-04-2020 01:02:51.491 [restartedMain] INFO  o.s.c.s.PostProcessorRegistrationDelegate$BeanPostProcessorChecker.postProcessAfterInitialization - Bean 'org.springframework.security.access.expression.method.DefaultMethodSecurityExpressionHandler@76a74b74' of type [org.springframework.security.access.expression.method.DefaultMethodSecurityExpressionHandler] is not eligible for getting processed by all BeanPostProcessors (for example: not eligible for auto-proxying)
25-04-2020 01:02:51.502 [restartedMain] INFO  o.s.c.s.PostProcessorRegistrationDelegate$BeanPostProcessorChecker.postProcessAfterInitialization - Bean 'org.springframework.security.config.annotation.method.configuration.GlobalMethodSecurityConfiguration' of type [org.springframework.security.config.annotation.method.configuration.GlobalMethodSecurityConfiguration$$EnhancerBySpringCGLIB$$69928c0a] is not eligible for getting processed by all BeanPostProcessors (for example: not eligible for auto-proxying)
25-04-2020 01:02:51.521 [restartedMain] INFO  o.s.c.s.PostProcessorRegistrationDelegate$BeanPostProcessorChecker.postProcessAfterInitialization - Bean 'org.springframework.security.config.annotation.method.configuration.Jsr250MetadataSourceConfiguration' of type [org.springframework.security.config.annotation.method.configuration.Jsr250MetadataSourceConfiguration$$EnhancerBySpringCGLIB$$8ee7a420] is not eligible for getting processed by all BeanPostProcessors (for example: not eligible for auto-proxying)
25-04-2020 01:02:51.532 [restartedMain] INFO  o.s.c.s.PostProcessorRegistrationDelegate$BeanPostProcessorChecker.postProcessAfterInitialization - Bean 'jsr250MethodSecurityMetadataSource' of type [org.springframework.security.access.annotation.Jsr250MethodSecurityMetadataSource] is not eligible for getting processed by all BeanPostProcessors (for example: not eligible for auto-proxying)
25-04-2020 01:02:51.535 [restartedMain] INFO  o.s.c.s.PostProcessorRegistrationDelegate$BeanPostProcessorChecker.postProcessAfterInitialization - Bean 'methodSecurityMetadataSource' of type [org.springframework.security.access.method.DelegatingMethodSecurityMetadataSource] is not eligible for getting processed by all BeanPostProcessors (for example: not eligible for auto-proxying)
25-04-2020 01:02:51.577 [restartedMain] INFO  o.s.c.s.PostProcessorRegistrationDelegate$BeanPostProcessorChecker.postProcessAfterInitialization - Bean 'org.springframework.hateoas.config.HateoasConfiguration' of type [org.springframework.hateoas.config.HateoasConfiguration$$EnhancerBySpringCGLIB$$2b906e50] is not eligible for getting processed by all BeanPostProcessors (for example: not eligible for auto-proxying)
25-04-2020 01:02:53.750 [restartedMain] INFO  o.s.b.w.e.tomcat.TomcatWebServer.initialize - Tomcat initialized with port(s): 8080 (http)
25-04-2020 01:02:53.855 [restartedMain] INFO  o.a.catalina.core.StandardService.log - Starting service [Tomcat]
25-04-2020 01:02:53.858 [restartedMain] INFO  o.a.catalina.core.StandardEngine.log - Starting Servlet engine: [Apache Tomcat/9.0.16]
25-04-2020 01:02:53.905 [restartedMain] INFO  o.a.c.core.AprLifecycleListener.log - The APR based Apache Tomcat Native library which allows optimal performance in production environments was not found on the java.library.path: [C:\Program Files\Java\jdk1.8.0_221\bin;C:\WINDOWS\Sun\Java\bin;C:\WINDOWS\system32;C:\WINDOWS;C:/Program Files/Java/jdk1.8.0_221/bin/../jre/bin/server;C:/Program Files/Java/jdk1.8.0_221/bin/../jre/bin;C:/Program Files/Java/jdk1.8.0_221/bin/../jre/lib/amd64;C:\Program Files (x86)\Common Files\Oracle\Java\javapath;C:\Program Files\Java\jdk1.8.0_221\bin;C:\Progams\apache-maven-3.6.1\bin;C:\Progams\apache-ant-1.9.14\bin;C:\oraclexe\app\oracle\product\11.2.0\server\bin;F:\oracle\product\10.2.0\db_1\bin;C:\Program Files (x86)\Intel\iCLS Client\;C:\Program Files\Intel\iCLS Client\;C:\WINDOWS\system32;C:\WINDOWS;C:\WINDOWS\System32\Wbem;C:\WINDOWS\System32\WindowsPowerShell\v1.0\;C:\WINDOWS\System32\OpenSSH\;C:\Program Files (x86)\Intel\Intel(R) Management Engine Components\DAL;C:\Program Files\Intel\Intel(R) Management Engine Components\DAL;C:\Program Files (x86)\Intel\Intel(R) Management Engine Components\IPT;C:\Program Files\Intel\Intel(R) Management Engine Components\IPT;C:\Program Files\nodejs\;C:\Program Files\Git\cmd;C:\TDM-GCC-64\bin;C:\Program Files\MongoDB\Server\4.2\bin;C:\Users\jaydeep\AppData\Local\Programs\Python\Python38-32\Scripts\;C:\Users\jaydeep\AppData\Local\Programs\Python\Python38-32\;C:\Program Files\JetBrains\WebStorm 2019.1.1\bin;;C:\Program Files\JetBrains\IntelliJ IDEA Community Edition 2019.1.2\bin;;C:\Program Files\JetBrains\IntelliJ IDEA Educational Edition 2019.1\bin;;C:\Program Files\JetBrains\IntelliJ IDEA 2019.1.3\bin;;C:\Users\jaydeep\AppData\Roaming\npm;C:\Users\jaydeep\AppData\Local\Programs\Microsoft VS Code\bin;C:\Users\jaydeep\AppData\Local\Microsoft\WindowsApps;;C:\Program Files\JetBrains\PyCharm 2020.1\bin;;C:\Users\jaydeep\Desktop;;.]
25-04-2020 01:02:54.219 [restartedMain] INFO  o.a.c.c.C.[Tomcat].[localhost].[/].log - Initializing Spring embedded WebApplicationContext
25-04-2020 01:02:54.220 [restartedMain] INFO  o.s.web.context.ContextLoader.prepareWebApplicationContext - Root WebApplicationContext: initialization completed in 7453 ms
25-04-2020 01:02:56.025 [restartedMain] INFO  com.zaxxer.hikari.HikariDataSource.getConnection - HikariPool-1 - Starting...
25-04-2020 01:02:56.338 [restartedMain] INFO  com.zaxxer.hikari.HikariDataSource.getConnection - HikariPool-1 - Start completed.
25-04-2020 01:02:56.691 [restartedMain] INFO  o.h.jpa.internal.util.LogHelper.logPersistenceUnitInformation - HHH000204: Processing PersistenceUnitInfo [
	name: default
	...]
25-04-2020 01:02:56.849 [restartedMain] INFO  org.hibernate.Version.logVersion - HHH000412: Hibernate Core {5.3.7.Final}
25-04-2020 01:02:56.853 [restartedMain] INFO  org.hibernate.cfg.Environment.<clinit> - HHH000206: hibernate.properties not found
25-04-2020 01:02:57.170 [restartedMain] INFO  o.h.annotations.common.Version.<clinit> - HCANN000001: Hibernate Commons Annotations {5.0.4.Final}
25-04-2020 01:02:57.507 [restartedMain] INFO  org.hibernate.dialect.Dialect.<init> - HHH000400: Using dialect: org.hibernate.dialect.MariaDBDialect
25-04-2020 01:02:59.853 [restartedMain] INFO  o.s.o.j.LocalContainerEntityManagerFactoryBean.buildNativeEntityManagerFactory - Initialized JPA EntityManagerFactory for persistence unit 'default'
25-04-2020 01:03:01.291 [restartedMain] INFO  o.s.b.d.a.OptionalLiveReloadServer.startServer - LiveReload server is running on port 35729
25-04-2020 01:03:01.924 [restartedMain] INFO  o.h.h.i.QueryTranslatorFactoryInitiator.initiateService - HHH000397: Using ASTQueryTranslatorFactory
25-04-2020 01:03:03.396 [restartedMain] WARN  o.s.b.a.o.j.JpaBaseConfiguration$JpaWebConfiguration$JpaWebMvcConfiguration.openEntityManagerInViewInterceptor - spring.jpa.open-in-view is enabled by default. Therefore, database queries may be performed during view rendering. Explicitly configure spring.jpa.open-in-view to disable this warning
25-04-2020 01:03:05.118 [restartedMain] INFO  s.d.s.w.PropertySourcedRequestMappingHandlerMapping.initHandlerMethods - Mapped URL path [/v2/api-docs] onto method [public org.springframework.http.ResponseEntity<springfox.documentation.spring.web.json.Json> springfox.documentation.swagger2.web.Swagger2Controller.getDocumentation(java.lang.String,javax.servlet.http.HttpServletRequest)]
25-04-2020 01:03:05.406 [restartedMain] INFO  o.s.s.web.DefaultSecurityFilterChain.<init> - Creating filter chain: any request, [org.springframework.security.web.context.request.async.WebAsyncManagerIntegrationFilter@68c2ff1, org.springframework.security.web.context.SecurityContextPersistenceFilter@74df2b75, org.springframework.security.web.header.HeaderWriterFilter@336cf7c7, org.springframework.web.filter.CorsFilter@1694f61a, org.springframework.security.web.authentication.logout.LogoutFilter@ddc1640, com.aroha.pet.security.JwtAuthenticationFilter@6314ae6a, org.springframework.security.web.savedrequest.RequestCacheAwareFilter@46a5a68f, org.springframework.security.web.servletapi.SecurityContextHolderAwareRequestFilter@44b60536, org.springframework.security.web.authentication.AnonymousAuthenticationFilter@59bc57d5, org.springframework.security.web.session.SessionManagementFilter@5f999b21, org.springframework.security.web.access.ExceptionTranslationFilter@3a107977, org.springframework.security.web.access.intercept.FilterSecurityInterceptor@29d18abf]
25-04-2020 01:03:05.839 [restartedMain] INFO  o.s.s.c.ThreadPoolTaskExecutor.initialize - Initializing ExecutorService 'applicationTaskExecutor'
25-04-2020 01:03:06.982 [restartedMain] INFO  s.d.s.w.p.DocumentationPluginsBootstrapper.start - Context refreshed
25-04-2020 01:03:07.031 [restartedMain] INFO  s.d.s.w.p.DocumentationPluginsBootstrapper.start - Found 1 custom documentation plugin(s)
25-04-2020 01:03:07.093 [restartedMain] INFO  s.d.s.w.s.ApiListingReferenceScanner.scan - Scanning for api listing references
25-04-2020 01:03:07.754 [restartedMain] INFO  s.d.s.w.r.o.CachingOperationNameGenerator.startingWith - Generating unique operation named: generateReportCardUsingGET_1
25-04-2020 01:03:07.759 [restartedMain] INFO  s.d.s.w.r.o.CachingOperationNameGenerator.startingWith - Generating unique operation named: showAnalysisUsingPOST_1
25-04-2020 01:03:07.773 [restartedMain] INFO  s.d.s.w.r.o.CachingOperationNameGenerator.startingWith - Generating unique operation named: generateReportCardUsingGET_2
25-04-2020 01:03:07.779 [restartedMain] INFO  s.d.s.w.r.o.CachingOperationNameGenerator.startingWith - Generating unique operation named: showAnalysisUsingPOST_2
25-04-2020 01:03:07.798 [restartedMain] INFO  s.d.s.w.r.o.CachingOperationNameGenerator.startingWith - Generating unique operation named: generateReportCardUsingGET_3
25-04-2020 01:03:07.802 [restartedMain] INFO  s.d.s.w.r.o.CachingOperationNameGenerator.startingWith - Generating unique operation named: getDomainAnalysisForCProgramingUsingPOST_1
25-04-2020 01:03:07.806 [restartedMain] INFO  s.d.s.w.r.o.CachingOperationNameGenerator.startingWith - Generating unique operation named: showAnalysisUsingPOST_3
25-04-2020 01:03:07.982 [restartedMain] INFO  o.s.b.w.e.tomcat.TomcatWebServer.start - Tomcat started on port(s): 8080 (http) with context path ''
25-04-2020 01:03:07.991 [restartedMain] INFO  com.aroha.pet.PetApplication.logStarted - Started PetApplication in 22.386 seconds (JVM running for 23.815)
25-04-2020 01:04:11.440 [http-nio-8080-exec-3] INFO  o.a.c.c.C.[Tomcat].[localhost].[/].log - Initializing Spring DispatcherServlet 'dispatcherServlet'
25-04-2020 01:04:11.440 [http-nio-8080-exec-3] INFO  o.s.web.servlet.DispatcherServlet.initServletBean - Initializing Servlet 'dispatcherServlet'
25-04-2020 01:04:11.493 [http-nio-8080-exec-3] INFO  o.s.web.servlet.DispatcherServlet.initServletBean - Completed initialization in 53 ms
25-04-2020 01:04:11.994 [http-nio-8080-exec-3] DEBUG org.hibernate.SQL.logStatement - 
    select
        user0_.id as id1_15_,
        user0_.created_at as created_2_15_,
        user0_.updated_at as updated_3_15_,
        user0_.address as address4_15_,
        user0_.alt_phone_no as alt_phon5_15_,
        user0_.date_of_join as date_of_6_15_,
        user0_.email as email7_15_,
        user0_.name as name8_15_,
        user0_.password as password9_15_,
        user0_.phone_no as phone_n10_15_,
        user0_.primary_skills as primary11_15_,
        user0_.secondary_skills as seconda12_15_,
        user0_.soe as soe13_15_,
        user0_.soe_ref as soe_ref14_15_ 
    from
        users user0_ 
    where
        user0_.email=?
25-04-2020 01:04:12.095 [http-nio-8080-exec-3] DEBUG org.hibernate.SQL.logStatement - 
    select
        roles0_.user_id as user_id1_14_0_,
        roles0_.role_id as role_id2_14_0_,
        role1_.id as id1_11_1_,
        role1_.name as name2_11_1_ 
    from
        user_roles roles0_ 
    inner join
        roles role1_ 
            on roles0_.role_id=role1_.id 
    where
        roles0_.user_id=?
25-04-2020 01:04:13.184 [http-nio-8080-exec-3] DEBUG org.hibernate.SQL.logStatement - 
    select
        user0_.id as id1_15_,
        user0_.created_at as created_2_15_,
        user0_.updated_at as updated_3_15_,
        user0_.address as address4_15_,
        user0_.alt_phone_no as alt_phon5_15_,
        user0_.date_of_join as date_of_6_15_,
        user0_.email as email7_15_,
        user0_.name as name8_15_,
        user0_.password as password9_15_,
        user0_.phone_no as phone_n10_15_,
        user0_.primary_skills as primary11_15_,
        user0_.secondary_skills as seconda12_15_,
        user0_.soe as soe13_15_,
        user0_.soe_ref as soe_ref14_15_ 
    from
        users user0_ 
    where
        user0_.email=?
25-04-2020 01:04:13.187 [http-nio-8080-exec-3] INFO  c.a.pet.controller.AuthController.authenticateUser - Jaydeep logged in successfully
25-04-2020 01:04:33.333 [http-nio-8080-exec-1] DEBUG org.hibernate.SQL.logStatement - 
    select
        user0_.id as id1_15_0_,
        user0_.created_at as created_2_15_0_,
        user0_.updated_at as updated_3_15_0_,
        user0_.address as address4_15_0_,
        user0_.alt_phone_no as alt_phon5_15_0_,
        user0_.date_of_join as date_of_6_15_0_,
        user0_.email as email7_15_0_,
        user0_.name as name8_15_0_,
        user0_.password as password9_15_0_,
        user0_.phone_no as phone_n10_15_0_,
        user0_.primary_skills as primary11_15_0_,
        user0_.secondary_skills as seconda12_15_0_,
        user0_.soe as soe13_15_0_,
        user0_.soe_ref as soe_ref14_15_0_ 
    from
        users user0_ 
    where
        user0_.id=?
25-04-2020 01:04:33.338 [http-nio-8080-exec-1] DEBUG org.hibernate.SQL.logStatement - 
    select
        roles0_.user_id as user_id1_14_0_,
        roles0_.role_id as role_id2_14_0_,
        role1_.id as id1_11_1_,
        role1_.name as name2_11_1_ 
    from
        user_roles roles0_ 
    inner join
        roles role1_ 
            on roles0_.role_id=role1_.id 
    where
        roles0_.user_id=?
25-04-2020 01:04:33.535 [http-nio-8080-exec-1] DEBUG org.hibernate.SQL.logStatement - 
    select
        * 
    from
        mentor_feedback 
    where
        learner_id=? 
        and technology_id=? 
    order by
        created_at desc
25-04-2020 01:04:51.773 [http-nio-8080-exec-5] DEBUG org.hibernate.SQL.logStatement - 
    select
        user0_.id as id1_15_0_,
        user0_.created_at as created_2_15_0_,
        user0_.updated_at as updated_3_15_0_,
        user0_.address as address4_15_0_,
        user0_.alt_phone_no as alt_phon5_15_0_,
        user0_.date_of_join as date_of_6_15_0_,
        user0_.email as email7_15_0_,
        user0_.name as name8_15_0_,
        user0_.password as password9_15_0_,
        user0_.phone_no as phone_n10_15_0_,
        user0_.primary_skills as primary11_15_0_,
        user0_.secondary_skills as seconda12_15_0_,
        user0_.soe as soe13_15_0_,
        user0_.soe_ref as soe_ref14_15_0_ 
    from
        users user0_ 
    where
        user0_.id=?
25-04-2020 01:04:51.776 [http-nio-8080-exec-5] DEBUG org.hibernate.SQL.logStatement - 
    select
        roles0_.user_id as user_id1_14_0_,
        roles0_.role_id as role_id2_14_0_,
        role1_.id as id1_11_1_,
        role1_.name as name2_11_1_ 
    from
        user_roles roles0_ 
    inner join
        roles role1_ 
            on roles0_.role_id=role1_.id 
    where
        roles0_.user_id=?
25-04-2020 01:04:51.783 [http-nio-8080-exec-5] DEBUG org.hibernate.SQL.logStatement - 
    select
        * 
    from
        mentor_feedback 
    where
        learner_id=? 
        and technology_id=? 
    order by
        created_at desc
25-04-2020 01:05:00.737 [http-nio-8080-exec-2] DEBUG org.hibernate.SQL.logStatement - 
    select
        user0_.id as id1_15_0_,
        user0_.created_at as created_2_15_0_,
        user0_.updated_at as updated_3_15_0_,
        user0_.address as address4_15_0_,
        user0_.alt_phone_no as alt_phon5_15_0_,
        user0_.date_of_join as date_of_6_15_0_,
        user0_.email as email7_15_0_,
        user0_.name as name8_15_0_,
        user0_.password as password9_15_0_,
        user0_.phone_no as phone_n10_15_0_,
        user0_.primary_skills as primary11_15_0_,
        user0_.secondary_skills as seconda12_15_0_,
        user0_.soe as soe13_15_0_,
        user0_.soe_ref as soe_ref14_15_0_ 
    from
        users user0_ 
    where
        user0_.id=?
25-04-2020 01:05:00.741 [http-nio-8080-exec-2] DEBUG org.hibernate.SQL.logStatement - 
    select
        roles0_.user_id as user_id1_14_0_,
        roles0_.role_id as role_id2_14_0_,
        role1_.id as id1_11_1_,
        role1_.name as name2_11_1_ 
    from
        user_roles roles0_ 
    inner join
        roles role1_ 
            on roles0_.role_id=role1_.id 
    where
        roles0_.user_id=?
25-04-2020 01:05:00.748 [http-nio-8080-exec-2] DEBUG org.hibernate.SQL.logStatement - 
    select
        * 
    from
        mentor_feedback 
    where
        learner_id=? 
        and technology_id=? 
    order by
        created_at desc
25-04-2020 01:07:55.178 [http-nio-8080-exec-7] DEBUG org.hibernate.SQL.logStatement - 
    select
        user0_.id as id1_15_0_,
        user0_.created_at as created_2_15_0_,
        user0_.updated_at as updated_3_15_0_,
        user0_.address as address4_15_0_,
        user0_.alt_phone_no as alt_phon5_15_0_,
        user0_.date_of_join as date_of_6_15_0_,
        user0_.email as email7_15_0_,
        user0_.name as name8_15_0_,
        user0_.password as password9_15_0_,
        user0_.phone_no as phone_n10_15_0_,
        user0_.primary_skills as primary11_15_0_,
        user0_.secondary_skills as seconda12_15_0_,
        user0_.soe as soe13_15_0_,
        user0_.soe_ref as soe_ref14_15_0_ 
    from
        users user0_ 
    where
        user0_.id=?
25-04-2020 01:07:55.184 [http-nio-8080-exec-7] DEBUG org.hibernate.SQL.logStatement - 
    select
        roles0_.user_id as user_id1_14_0_,
        roles0_.role_id as role_id2_14_0_,
        role1_.id as id1_11_1_,
        role1_.name as name2_11_1_ 
    from
        user_roles roles0_ 
    inner join
        roles role1_ 
            on roles0_.role_id=role1_.id 
    where
        roles0_.user_id=?
25-04-2020 01:07:55.191 [http-nio-8080-exec-7] DEBUG org.hibernate.SQL.logStatement - 
    select
        * 
    from
        mentor_feedback 
    where
        learner_id=? 
        and technology_id=? 
    order by
        created_at desc
25-04-2020 01:09:10.169 [http-nio-8080-exec-10] DEBUG org.hibernate.SQL.logStatement - 
    select
        user0_.id as id1_15_0_,
        user0_.created_at as created_2_15_0_,
        user0_.updated_at as updated_3_15_0_,
        user0_.address as address4_15_0_,
        user0_.alt_phone_no as alt_phon5_15_0_,
        user0_.date_of_join as date_of_6_15_0_,
        user0_.email as email7_15_0_,
        user0_.name as name8_15_0_,
        user0_.password as password9_15_0_,
        user0_.phone_no as phone_n10_15_0_,
        user0_.primary_skills as primary11_15_0_,
        user0_.secondary_skills as seconda12_15_0_,
        user0_.soe as soe13_15_0_,
        user0_.soe_ref as soe_ref14_15_0_ 
    from
        users user0_ 
    where
        user0_.id=?
25-04-2020 01:09:10.179 [http-nio-8080-exec-10] DEBUG org.hibernate.SQL.logStatement - 
    select
        roles0_.user_id as user_id1_14_0_,
        roles0_.role_id as role_id2_14_0_,
        role1_.id as id1_11_1_,
        role1_.name as name2_11_1_ 
    from
        user_roles roles0_ 
    inner join
        roles role1_ 
            on roles0_.role_id=role1_.id 
    where
        roles0_.user_id=?
25-04-2020 01:09:10.191 [http-nio-8080-exec-10] DEBUG org.hibernate.SQL.logStatement - 
    select
        * 
    from
        mentor_feedback 
    where
        learner_id=? 
        and technology_id=? 
    order by
        created_at desc
25-04-2020 01:12:46.888 [http-nio-8080-exec-5] DEBUG org.hibernate.SQL.logStatement - 
    select
        user0_.id as id1_15_0_,
        user0_.created_at as created_2_15_0_,
        user0_.updated_at as updated_3_15_0_,
        user0_.address as address4_15_0_,
        user0_.alt_phone_no as alt_phon5_15_0_,
        user0_.date_of_join as date_of_6_15_0_,
        user0_.email as email7_15_0_,
        user0_.name as name8_15_0_,
        user0_.password as password9_15_0_,
        user0_.phone_no as phone_n10_15_0_,
        user0_.primary_skills as primary11_15_0_,
        user0_.secondary_skills as seconda12_15_0_,
        user0_.soe as soe13_15_0_,
        user0_.soe_ref as soe_ref14_15_0_ 
    from
        users user0_ 
    where
        user0_.id=?
25-04-2020 01:12:46.894 [http-nio-8080-exec-5] DEBUG org.hibernate.SQL.logStatement - 
    select
        roles0_.user_id as user_id1_14_0_,
        roles0_.role_id as role_id2_14_0_,
        role1_.id as id1_11_1_,
        role1_.name as name2_11_1_ 
    from
        user_roles roles0_ 
    inner join
        roles role1_ 
            on roles0_.role_id=role1_.id 
    where
        roles0_.user_id=?
25-04-2020 01:12:46.903 [http-nio-8080-exec-5] DEBUG org.hibernate.SQL.logStatement - 
    select
        * 
    from
        mentor_feedback 
    where
        learner_id=? 
        and technology_id=? 
    order by
        created_at desc
